#2026 04 19 07:40:20.938#Z#DEBUG#e8da22fd-3bc2-11f1-a376-eeee0a84109b.Material_Management#flowable-async-job-executor-thread-5755#
[PollStartAppStatusExecution] 64c32b2a-c752-4ff8-ac70-bb2d63d7322a [2026-04-19T07:32:51.738876] Updated app with guid 64c32b2a-c752-4ff8-ac70-bb2d63d7322a ({"lifecycle"=>{"data"=>{"buildpacks"=>[]}, "type"=>"buildpack"}}) (STDOUT, API)#
#2026 04 19 07:40:20.938#Z#DEBUG#e8da22fd-3bc2-11f1-a376-eeee0a84109b.Material_Management#flowable-async-job-executor-thread-5755#
[PollStartAppStatusExecution] 64c32b2a-c752-4ff8-ac70-bb2d63d7322a [2026-04-19T07:32:51.850400] Updating process: "web" (STDOUT, API)#
#2026 04 19 07:40:20.938#Z#DEBUG#e8da22fd-3bc2-11f1-a376-eeee0a84109b.Material_Management#flowable-async-job-executor-thread-5755#
[PollStartAppStatusExecution] 64c32b2a-c752-4ff8-ac70-bb2d63d7322a [2026-04-19T07:33:11.424914] Stopping app with guid 64c32b2a-c752-4ff8-ac70-bb2d63d7322a (STDOUT, API)#
#2026 04 19 07:40:20.938#Z#DEBUG#e8da22fd-3bc2-11f1-a376-eeee0a84109b.Material_Management#flowable-async-job-executor-thread-5755#
[PollStartAppStatusExecution] 64c32b2a-c752-4ff8-ac70-bb2d63d7322a [2026-04-19T07:33:11.463183] Cell d1cc041a-d5a1-41d6-b9f6-6cda736ce3f0 stopping instance 2a373a83-f022-4dbd-7b3b-1b27 (STDOUT, CELL)#
#2026 04 19 07:40:20.938#Z#DEBUG#e8da22fd-3bc2-11f1-a376-eeee0a84109b.Material_Management#flowable-async-job-executor-thread-5755#
[PollStartAppStatusExecution] 64c32b2a-c752-4ff8-ac70-bb2d63d7322a [2026-04-19T07:33:11.755771] Starting app with guid 64c32b2a-c752-4ff8-ac70-bb2d63d7322a (STDOUT, API)#
#2026 04 19 07:40:20.938#Z#DEBUG#e8da22fd-3bc2-11f1-a376-eeee0a84109b.Material_Management#flowable-async-job-executor-thread-5755#
[PollStartAppStatusExecution] 64c32b2a-c752-4ff8-ac70-bb2d63d7322a [2026-04-19T07:33:11.951984] Cell 684caff8-89cd-492b-be01-b3d0835f1763 creating container for instance 66cd4c1d-3774-4307-40d8-1919 (STDOUT, CELL)#
#2026 04 19 07:40:20.938#Z#DEBUG#e8da22fd-3bc2-11f1-a376-eeee0a84109b.Material_Management#flowable-async-job-executor-thread-5755#
[PollStartAppStatusExecution] 64c32b2a-c752-4ff8-ac70-bb2d63d7322a [2026-04-19T07:33:12.672034] Security group rules were updated (STDOUT, CELL)#
#2026 04 19 07:40:20.938#Z#DEBUG#e8da22fd-3bc2-11f1-a376-eeee0a84109b.Material_Management#flowable-async-job-executor-thread-5755#
[PollStartAppStatusExecution] 64c32b2a-c752-4ff8-ac70-bb2d63d7322a [2026-04-19T07:33:12.958733] Cell 684caff8-89cd-492b-be01-b3d0835f1763 successfully created container for instance 66cd4c1d-3774-4307-40d8-1919 (STDOUT, CELL)#
#2026 04 19 07:40:20.938#Z#DEBUG#e8da22fd-3bc2-11f1-a376-eeee0a84109b.Material_Management#flowable-async-job-executor-thread-5755#
[PollStartAppStatusExecution] 64c32b2a-c752-4ff8-ac70-bb2d63d7322a [2026-04-19T07:33:13.903153] Downloading droplet... (STDOUT, CELL)#
#2026 04 19 07:40:20.938#Z#DEBUG#e8da22fd-3bc2-11f1-a376-eeee0a84109b.Material_Management#flowable-async-job-executor-thread-5755#
[PollStartAppStatusExecution] 64c32b2a-c752-4ff8-ac70-bb2d63d7322a [2026-04-19T07:33:18.601945] Downloaded droplet (62.1M) (STDOUT, CELL)#
#2026 04 19 07:40:20.938#Z#DEBUG#e8da22fd-3bc2-11f1-a376-eeee0a84109b.Material_Management#flowable-async-job-executor-thread-5755#
[PollStartAppStatusExecution] 64c32b2a-c752-4ff8-ac70-bb2d63d7322a [2026-04-19T07:33:18.602136] Starting health monitoring of container (STDOUT, CELL)#
#2026 04 19 07:40:20.938#Z#DEBUG#e8da22fd-3bc2-11f1-a376-eeee0a84109b.Material_Management#flowable-async-job-executor-thread-5755#
[PollStartAppStatusExecution] 64c32b2a-c752-4ff8-ac70-bb2d63d7322a [2026-04-19T07:33:18.759319] Invoking pre-start scripts. (STDOUT, APP/PROC/WEB)#
#2026 04 19 07:40:20.938#Z#DEBUG#e8da22fd-3bc2-11f1-a376-eeee0a84109b.Material_Management#flowable-async-job-executor-thread-5755#
[PollStartAppStatusExecution] 64c32b2a-c752-4ff8-ac70-bb2d63d7322a [2026-04-19T07:33:18.973379] Invoking start command. (STDOUT, APP/PROC/WEB)#
#2026 04 19 07:40:20.938#Z#DEBUG#e8da22fd-3bc2-11f1-a376-eeee0a84109b.Material_Management#flowable-async-job-executor-thread-5755#
[PollStartAppStatusExecution] 64c32b2a-c752-4ff8-ac70-bb2d63d7322a [2026-04-19T07:33:19.444463] > start (STDOUT, APP/PROC/WEB)#
#2026 04 19 07:40:20.938#Z#DEBUG#e8da22fd-3bc2-11f1-a376-eeee0a84109b.Material_Management#flowable-async-job-executor-thread-5755#
[PollStartAppStatusExecution] 64c32b2a-c752-4ff8-ac70-bb2d63d7322a [2026-04-19T07:33:19.444496] > node node_modules/@sap/approuter/approuter.js (STDOUT, APP/PROC/WEB)#
#2026 04 19 07:40:20.938#Z#DEBUG#e8da22fd-3bc2-11f1-a376-eeee0a84109b.Material_Management#flowable-async-job-executor-thread-5755#
[PollStartAppStatusExecution] 64c32b2a-c752-4ff8-ac70-bb2d63d7322a [2026-04-19T07:33:19.633145] {"written_at":"2026-04-19T07:33:19.631Z","written_ts":1776583999631000000,"csn_component":"-","correlation_id":"-","type":"log","logger":"nodejs-logger","layer":"/LoggingLibrary","level":"warning","container_id":"10.32.1.6","component_type":"application","component_id":"64c32b2a-c752-4ff8-ac70-bb2d63d7322a","component_name":"Material_Management","component_instance":-1,"source_instance":-1,"organization_id":"9be84bd9-600d-4285-a765-d0d37b7bc13f","organization_name":"65d203eetrial","space_id":"6bf19e00-5dfe-4fa2-9b31-12cc63fc58ec","space_name":"dev","context_id":"","msg":"Dynamic log level switching not available"} (STDOUT, APP/PROC/WEB)#
#2026 04 19 07:40:20.938#Z#DEBUG#e8da22fd-3bc2-11f1-a376-eeee0a84109b.Material_Management#flowable-async-job-executor-thread-5755#
[PollStartAppStatusExecution] 64c32b2a-c752-4ff8-ac70-bb2d63d7322a [2026-04-19T07:33:20.172256] {"written_at":"2026-04-19T07:33:20.171Z","written_ts":1776584000171000000,"csn_component":"-","correlation_id":"mo5g8rsb","type":"log","logger":"nodejs-logger","layer":"/approuter","level":"info","container_id":"10.32.1.6","component_type":"application","component_id":"64c32b2a-c752-4ff8-ac70-bb2d63d7322a","component_name":"Material_Management","component_instance":-1,"source_instance":-1,"organization_id":"9be84bd9-600d-4285-a765-d0d37b7bc13f","organization_name":"65d203eetrial","space_id":"6bf19e00-5dfe-4fa2-9b31-12cc63fc58ec","space_name":"dev","context_id":"mo5g8rsb","msg":"Application router version 21.3.0"} (STDOUT, APP/PROC/WEB)#
#2026 04 19 07:40:20.938#Z#DEBUG#e8da22fd-3bc2-11f1-a376-eeee0a84109b.Material_Management#flowable-async-job-executor-thread-5755#
[PollStartAppStatusExecution] 64c32b2a-c752-4ff8-ac70-bb2d63d7322a [2026-04-19T07:33:20.177944] {"written_at":"2026-04-19T07:33:20.177Z","written_ts":1776584000177000000,"csn_component":"-","correlation_id":"mo5g8rsh","type":"log","logger":"nodejs-logger","layer":"/Configuration","level":"info","container_id":"10.32.1.6","component_type":"application","component_id":"64c32b2a-c752-4ff8-ac70-bb2d63d7322a","component_name":"Material_Management","component_instance":-1,"source_instance":-1,"organization_id":"9be84bd9-600d-4285-a765-d0d37b7bc13f","organization_name":"65d203eetrial","space_id":"6bf19e00-5dfe-4fa2-9b31-12cc63fc58ec","space_name":"dev","context_id":"mo5g8rsh","msg":"No COOKIES environment variable"} (STDOUT, APP/PROC/WEB)#
#2026 04 19 07:40:20.938#Z#DEBUG#e8da22fd-3bc2-11f1-a376-eeee0a84109b.Material_Management#flowable-async-job-executor-thread-5755#
[PollStartAppStatusExecution] 64c32b2a-c752-4ff8-ac70-bb2d63d7322a [2026-04-19T07:33:20.187670] {"written_at":"2026-04-19T07:33:20.187Z","written_ts":1776584000187000000,"csn_component":"-","correlation_id":"mo5g8rsr","type":"log","logger":"nodejs-logger","layer":"/Configuration","level":"info","container_id":"10.32.1.6","component_type":"application","component_id":"64c32b2a-c752-4ff8-ac70-bb2d63d7322a","component_name":"Material_Management","component_instance":-1,"source_instance":-1,"organization_id":"9be84bd9-600d-4285-a765-d0d37b7bc13f","organization_name":"65d203eetrial","space_id":"6bf19e00-5dfe-4fa2-9b31-12cc63fc58ec","space_name":"dev","context_id":"mo5g8rsr","msg":"xs-app.json: Application does not have directory for static resources!"} (STDOUT, APP/PROC/WEB)#
#2026 04 19 07:40:20.938#Z#DEBUG#e8da22fd-3bc2-11f1-a376-eeee0a84109b.Material_Management#flowable-async-job-executor-thread-5755#
[PollStartAppStatusExecution] 64c32b2a-c752-4ff8-ac70-bb2d63d7322a [2026-04-19T07:33:20.232967] {"written_at":"2026-04-19T07:33:20.232Z","written_ts":1776584000232000000,"csn_component":"-","correlation_id":"mo5g8rsb","type":"log","logger":"nodejs-logger","layer":"/approuter","level":"info","container_id":"10.32.1.6","component_type":"application","component_id":"64c32b2a-c752-4ff8-ac70-bb2d63d7322a","component_name":"Material_Management","component_instance":-1,"source_instance":-1,"organization_id":"9be84bd9-600d-4285-a765-d0d37b7bc13f","organization_name":"65d203eetrial","space_id":"6bf19e00-5dfe-4fa2-9b31-12cc63fc58ec","space_name":"dev","context_id":"mo5g8rsb","msg":"Application router is listening on port: 8080"} (STDOUT, APP/PROC/WEB)#
#2026 04 19 07:40:20.938#Z#DEBUG#e8da22fd-3bc2-11f1-a376-eeee0a84109b.Material_Management#flowable-async-job-executor-thread-5755#
[PollStartAppStatusExecution] 64c32b2a-c752-4ff8-ac70-bb2d63d7322a [2026-04-19T07:33:21.909516] Container became healthy (STDOUT, CELL)#
#2026 04 19 07:40:20.938#Z#DEBUG#e8da22fd-3bc2-11f1-a376-eeee0a84109b.Material_Management#flowable-async-job-executor-thread-5755#
[PollStartAppStatusExecution] 64c32b2a-c752-4ff8-ac70-bb2d63d7322a [2026-04-19T07:33:21.933892] Process became ready with guid 64c32b2a-c752-4ff8-ac70-bb2d63d7322a payload: {"instance"=>"66cd4c1d-3774-4307-40d8-1919", "index"=>0, "cell_id"=>"684caff8-89cd-492b-be01-b3d0835f1763", "ready"=>true, "version"=>"c286050d-f0ba-4a58-ac4d-deef694dc5e3"} (STDOUT, API)#
#2026 04 19 07:40:20.938#Z#DEBUG#e8da22fd-3bc2-11f1-a376-eeee0a84109b.Material_Management#flowable-async-job-executor-thread-5755#
[PollStartAppStatusExecution] 64c32b2a-c752-4ff8-ac70-bb2d63d7322a [2026-04-19T07:34:18.063409] Cell d1cc041a-d5a1-41d6-b9f6-6cda736ce3f0 destroying container for instance 2a373a83-f022-4dbd-7b3b-1b27 (STDOUT, CELL)#
#2026 04 19 07:40:20.938#Z#DEBUG#e8da22fd-3bc2-11f1-a376-eeee0a84109b.Material_Management#flowable-async-job-executor-thread-5755#
[PollStartAppStatusExecution] 64c32b2a-c752-4ff8-ac70-bb2d63d7322a [2026-04-19T07:34:19.127135] Exit status 137 (STDOUT, PROXY)#
#2026 04 19 07:40:20.938#Z#DEBUG#e8da22fd-3bc2-11f1-a376-eeee0a84109b.Material_Management#flowable-async-job-executor-thread-5755#
[PollStartAppStatusExecution] 64c32b2a-c752-4ff8-ac70-bb2d63d7322a [2026-04-19T07:34:21.010017] Cell d1cc041a-d5a1-41d6-b9f6-6cda736ce3f0 successfully destroyed container for instance 2a373a83-f022-4dbd-7b3b-1b27 (STDOUT, CELL)#
#2026 04 19 07:40:20.939#Z#DEBUG#e8da22fd-3bc2-11f1-a376-eeee0a84109b.Material_Management#flowable-async-job-executor-thread-5755#
[PollStartAppStatusExecution] 64c32b2a-c752-4ff8-ac70-bb2d63d7322a [2026-04-19T07:39:53.894461] Updated app with guid 64c32b2a-c752-4ff8-ac70-bb2d63d7322a ({"lifecycle"=>{"data"=>{"buildpacks"=>[]}, "type"=>"buildpack"}}) (STDOUT, API)#
#2026 04 19 07:40:20.939#Z#DEBUG#e8da22fd-3bc2-11f1-a376-eeee0a84109b.Material_Management#flowable-async-job-executor-thread-5755#
[PollStartAppStatusExecution] 64c32b2a-c752-4ff8-ac70-bb2d63d7322a [2026-04-19T07:39:54.001368] Updating process: "web" (STDOUT, API)#
#2026 04 19 07:40:20.939#Z#DEBUG#e8da22fd-3bc2-11f1-a376-eeee0a84109b.Material_Management#flowable-async-job-executor-thread-5755#
[PollStartAppStatusExecution] 64c32b2a-c752-4ff8-ac70-bb2d63d7322a [2026-04-19T07:40:12.395323] Stopping app with guid 64c32b2a-c752-4ff8-ac70-bb2d63d7322a (STDOUT, API)#
#2026 04 19 07:40:20.939#Z#DEBUG#e8da22fd-3bc2-11f1-a376-eeee0a84109b.Material_Management#flowable-async-job-executor-thread-5755#
[PollStartAppStatusExecution] 64c32b2a-c752-4ff8-ac70-bb2d63d7322a [2026-04-19T07:40:12.428188] Cell 684caff8-89cd-492b-be01-b3d0835f1763 stopping instance 66cd4c1d-3774-4307-40d8-1919 (STDOUT, CELL)#
#2026 04 19 07:40:20.939#Z#DEBUG#e8da22fd-3bc2-11f1-a376-eeee0a84109b.Material_Management#flowable-async-job-executor-thread-5755#
[PollStartAppStatusExecution] 64c32b2a-c752-4ff8-ac70-bb2d63d7322a [2026-04-19T07:40:12.725646] Starting app with guid 64c32b2a-c752-4ff8-ac70-bb2d63d7322a (STDOUT, API)#
#2026 04 19 07:40:20.939#Z#DEBUG#e8da22fd-3bc2-11f1-a376-eeee0a84109b.Material_Management#flowable-async-job-executor-thread-5755#
[PollStartAppStatusExecution] 64c32b2a-c752-4ff8-ac70-bb2d63d7322a [2026-04-19T07:40:12.925676] Cell d1cc041a-d5a1-41d6-b9f6-6cda736ce3f0 creating container for instance 4927e117-70fa-4ab4-75eb-3a40 (STDOUT, CELL)#
#2026 04 19 07:40:20.939#Z#DEBUG#e8da22fd-3bc2-11f1-a376-eeee0a84109b.Material_Management#flowable-async-job-executor-thread-5755#
[PollStartAppStatusExecution] 64c32b2a-c752-4ff8-ac70-bb2d63d7322a [2026-04-19T07:40:13.671483] Security group rules were updated (STDOUT, CELL)#
#2026 04 19 07:40:20.939#Z#DEBUG#e8da22fd-3bc2-11f1-a376-eeee0a84109b.Material_Management#flowable-async-job-executor-thread-5755#
[PollStartAppStatusExecution] 64c32b2a-c752-4ff8-ac70-bb2d63d7322a [2026-04-19T07:40:13.773989] Cell d1cc041a-d5a1-41d6-b9f6-6cda736ce3f0 successfully created container for instance 4927e117-70fa-4ab4-75eb-3a40 (STDOUT, CELL)#
#2026 04 19 07:40:20.939#Z#DEBUG#e8da22fd-3bc2-11f1-a376-eeee0a84109b.Material_Management#flowable-async-job-executor-thread-5755#
[PollStartAppStatusExecution] 64c32b2a-c752-4ff8-ac70-bb2d63d7322a [2026-04-19T07:40:15.299939] Downloading droplet... (STDOUT, CELL)#
#2026 04 19 07:40:20.939#Z#DEBUG#e8da22fd-3bc2-11f1-a376-eeee0a84109b.Material_Management#flowable-async-job-executor-thread-5755#
[PollStartAppStatusExecution] 64c32b2a-c752-4ff8-ac70-bb2d63d7322a [2026-04-19T07:40:20.060331] Downloaded droplet (62.1M) (STDOUT, CELL)#
#2026 04 19 07:40:20.939#Z#DEBUG#e8da22fd-3bc2-11f1-a376-eeee0a84109b.Material_Management#flowable-async-job-executor-thread-5755#
[PollStartAppStatusExecution] 64c32b2a-c752-4ff8-ac70-bb2d63d7322a [2026-04-19T07:40:20.060736] Starting health monitoring of container (STDOUT, CELL)#
#2026 04 19 07:40:20.939#Z#DEBUG#e8da22fd-3bc2-11f1-a376-eeee0a84109b.Material_Management#flowable-async-job-executor-thread-5755#
[PollStartAppStatusExecution] 64c32b2a-c752-4ff8-ac70-bb2d63d7322a [2026-04-19T07:40:20.213064] Invoking pre-start scripts. (STDOUT, APP/PROC/WEB)#
#2026 04 19 07:40:20.939#Z#DEBUG#e8da22fd-3bc2-11f1-a376-eeee0a84109b.Material_Management#flowable-async-job-executor-thread-5755#
[PollStartAppStatusExecution] 64c32b2a-c752-4ff8-ac70-bb2d63d7322a [2026-04-19T07:40:20.443870] Invoking start command. (STDOUT, APP/PROC/WEB)#
#2026 04 19 07:40:30.938#Z#DEBUG#e8da22fd-3bc2-11f1-a376-eeee0a84109b.Material_Management#flowable-async-job-executor-thread-5757#
[PollStartAppStatusExecution] 64c32b2a-c752-4ff8-ac70-bb2d63d7322a [2026-04-19T07:40:20.875449] > start (STDOUT, APP/PROC/WEB)#
#2026 04 19 07:40:30.938#Z#DEBUG#e8da22fd-3bc2-11f1-a376-eeee0a84109b.Material_Management#flowable-async-job-executor-thread-5757#
[PollStartAppStatusExecution] 64c32b2a-c752-4ff8-ac70-bb2d63d7322a [2026-04-19T07:40:20.875478] > node node_modules/@sap/approuter/approuter.js (STDOUT, APP/PROC/WEB)#
#2026 04 19 07:40:30.938#Z#DEBUG#e8da22fd-3bc2-11f1-a376-eeee0a84109b.Material_Management#flowable-async-job-executor-thread-5757#
[PollStartAppStatusExecution] 64c32b2a-c752-4ff8-ac70-bb2d63d7322a [2026-04-19T07:40:21.056880] {"written_at":"2026-04-19T07:40:21.055Z","written_ts":1776584421055000000,"csn_component":"-","correlation_id":"-","type":"log","logger":"nodejs-logger","layer":"/LoggingLibrary","level":"warning","container_id":"10.32.1.5","component_type":"application","component_id":"64c32b2a-c752-4ff8-ac70-bb2d63d7322a","component_name":"Material_Management","component_instance":-1,"source_instance":-1,"organization_id":"9be84bd9-600d-4285-a765-d0d37b7bc13f","organization_name":"65d203eetrial","space_id":"6bf19e00-5dfe-4fa2-9b31-12cc63fc58ec","space_name":"dev","context_id":"","msg":"Dynamic log level switching not available"} (STDOUT, APP/PROC/WEB)#
#2026 04 19 07:40:30.938#Z#DEBUG#e8da22fd-3bc2-11f1-a376-eeee0a84109b.Material_Management#flowable-async-job-executor-thread-5757#
[PollStartAppStatusExecution] 64c32b2a-c752-4ff8-ac70-bb2d63d7322a [2026-04-19T07:40:21.546318] {"written_at":"2026-04-19T07:40:21.545Z","written_ts":1776584421545000000,"csn_component":"-","correlation_id":"mo5ghsx5","type":"log","logger":"nodejs-logger","layer":"/approuter","level":"info","container_id":"10.32.1.5","component_type":"application","component_id":"64c32b2a-c752-4ff8-ac70-bb2d63d7322a","component_name":"Material_Management","component_instance":-1,"source_instance":-1,"organization_id":"9be84bd9-600d-4285-a765-d0d37b7bc13f","organization_name":"65d203eetrial","space_id":"6bf19e00-5dfe-4fa2-9b31-12cc63fc58ec","space_name":"dev","context_id":"mo5ghsx5","msg":"Application router version 21.3.0"} (STDOUT, APP/PROC/WEB)#
#2026 04 19 07:40:30.938#Z#DEBUG#e8da22fd-3bc2-11f1-a376-eeee0a84109b.Material_Management#flowable-async-job-executor-thread-5757#
[PollStartAppStatusExecution] 64c32b2a-c752-4ff8-ac70-bb2d63d7322a [2026-04-19T07:40:21.551474] {"written_at":"2026-04-19T07:40:21.551Z","written_ts":1776584421551000000,"csn_component":"-","correlation_id":"mo5ghsxb","type":"log","logger":"nodejs-logger","layer":"/Configuration","level":"info","container_id":"10.32.1.5","component_type":"application","component_id":"64c32b2a-c752-4ff8-ac70-bb2d63d7322a","component_name":"Material_Management","component_instance":-1,"source_instance":-1,"organization_id":"9be84bd9-600d-4285-a765-d0d37b7bc13f","organization_name":"65d203eetrial","space_id":"6bf19e00-5dfe-4fa2-9b31-12cc63fc58ec","space_name":"dev","context_id":"mo5ghsxb","msg":"No COOKIES environment variable"} (STDOUT, APP/PROC/WEB)#
#2026 04 19 07:40:30.938#Z#DEBUG#e8da22fd-3bc2-11f1-a376-eeee0a84109b.Material_Management#flowable-async-job-executor-thread-5757#
[PollStartAppStatusExecution] 64c32b2a-c752-4ff8-ac70-bb2d63d7322a [2026-04-19T07:40:21.557124] {"written_at":"2026-04-19T07:40:21.556Z","written_ts":1776584421556000000,"csn_component":"-","correlation_id":"mo5ghsxg","type":"log","logger":"nodejs-logger","layer":"/Configuration","level":"info","container_id":"10.32.1.5","component_type":"application","component_id":"64c32b2a-c752-4ff8-ac70-bb2d63d7322a","component_name":"Material_Management","component_instance":-1,"source_instance":-1,"organization_id":"9be84bd9-600d-4285-a765-d0d37b7bc13f","organization_name":"65d203eetrial","space_id":"6bf19e00-5dfe-4fa2-9b31-12cc63fc58ec","space_name":"dev","context_id":"mo5ghsxg","msg":"xs-app.json: Application does not have directory for static resources!"} (STDOUT, APP/PROC/WEB)#
#2026 04 19 07:40:30.938#Z#DEBUG#e8da22fd-3bc2-11f1-a376-eeee0a84109b.Material_Management#flowable-async-job-executor-thread-5757#
[PollStartAppStatusExecution] 64c32b2a-c752-4ff8-ac70-bb2d63d7322a [2026-04-19T07:40:21.599356] {"written_at":"2026-04-19T07:40:21.598Z","written_ts":1776584421598000000,"csn_component":"-","correlation_id":"mo5ghsx5","type":"log","logger":"nodejs-logger","layer":"/approuter","level":"info","container_id":"10.32.1.5","component_type":"application","component_id":"64c32b2a-c752-4ff8-ac70-bb2d63d7322a","component_name":"Material_Management","component_instance":-1,"source_instance":-1,"organization_id":"9be84bd9-600d-4285-a765-d0d37b7bc13f","organization_name":"65d203eetrial","space_id":"6bf19e00-5dfe-4fa2-9b31-12cc63fc58ec","space_name":"dev","context_id":"mo5ghsx5","msg":"Application router is listening on port: 8080"} (STDOUT, APP/PROC/WEB)#
#2026 04 19 07:40:30.938#Z#DEBUG#e8da22fd-3bc2-11f1-a376-eeee0a84109b.Material_Management#flowable-async-job-executor-thread-5757#
[PollStartAppStatusExecution] 64c32b2a-c752-4ff8-ac70-bb2d63d7322a [2026-04-19T07:40:23.137481] Container became healthy (STDOUT, CELL)#
#2026 04 19 07:40:30.938#Z#DEBUG#e8da22fd-3bc2-11f1-a376-eeee0a84109b.Material_Management#flowable-async-job-executor-thread-5757#
[PollStartAppStatusExecution] 64c32b2a-c752-4ff8-ac70-bb2d63d7322a [2026-04-19T07:40:23.162471] Process became ready with guid 64c32b2a-c752-4ff8-ac70-bb2d63d7322a payload: {"instance"=>"4927e117-70fa-4ab4-75eb-3a40", "index"=>0, "cell_id"=>"d1cc041a-d5a1-41d6-b9f6-6cda736ce3f0", "ready"=>true, "version"=>"f2404842-6418-44f7-bce2-104c9b64eaad"} (STDOUT, API)#
