#2026 04 20 09:24:55.647#Z#DEBUG#aaaab3b3-3c9a-11f1-807a-eeee0a8324b8.Material_Management#flowable-async-job-executor-thread-1568#
[PollStartAppStatusExecution] 64c32b2a-c752-4ff8-ac70-bb2d63d7322a [2026-04-20T09:24:16.872344] Updated app with guid 64c32b2a-c752-4ff8-ac70-bb2d63d7322a ({"lifecycle"=>{"data"=>{"buildpacks"=>[]}, "type"=>"buildpack"}}) (STDOUT, API)#
#2026 04 20 09:24:55.647#Z#DEBUG#aaaab3b3-3c9a-11f1-807a-eeee0a8324b8.Material_Management#flowable-async-job-executor-thread-1568#
[PollStartAppStatusExecution] 64c32b2a-c752-4ff8-ac70-bb2d63d7322a [2026-04-20T09:24:16.968699] Updating process: "web" (STDOUT, API)#
#2026 04 20 09:24:55.647#Z#DEBUG#aaaab3b3-3c9a-11f1-807a-eeee0a8324b8.Material_Management#flowable-async-job-executor-thread-1568#
[PollStartAppStatusExecution] 64c32b2a-c752-4ff8-ac70-bb2d63d7322a [2026-04-20T09:24:46.248364] Stopping app with guid 64c32b2a-c752-4ff8-ac70-bb2d63d7322a (STDOUT, API)#
#2026 04 20 09:24:55.647#Z#DEBUG#aaaab3b3-3c9a-11f1-807a-eeee0a8324b8.Material_Management#flowable-async-job-executor-thread-1568#
[PollStartAppStatusExecution] 64c32b2a-c752-4ff8-ac70-bb2d63d7322a [2026-04-20T09:24:46.281630] Cell c839c7b1-088e-41af-b9b7-66256aacd457 stopping instance 6269b892-9059-4f80-6538-7b4a (STDOUT, CELL)#
#2026 04 20 09:24:55.647#Z#DEBUG#aaaab3b3-3c9a-11f1-807a-eeee0a8324b8.Material_Management#flowable-async-job-executor-thread-1568#
[PollStartAppStatusExecution] 64c32b2a-c752-4ff8-ac70-bb2d63d7322a [2026-04-20T09:24:46.613853] Starting app with guid 64c32b2a-c752-4ff8-ac70-bb2d63d7322a (STDOUT, API)#
#2026 04 20 09:24:55.647#Z#DEBUG#aaaab3b3-3c9a-11f1-807a-eeee0a8324b8.Material_Management#flowable-async-job-executor-thread-1568#
[PollStartAppStatusExecution] 64c32b2a-c752-4ff8-ac70-bb2d63d7322a [2026-04-20T09:24:46.855835] Cell c839c7b1-088e-41af-b9b7-66256aacd457 creating container for instance 0d730b77-e3a4-4a5c-7677-0f2a (STDOUT, CELL)#
#2026 04 20 09:24:55.647#Z#DEBUG#aaaab3b3-3c9a-11f1-807a-eeee0a8324b8.Material_Management#flowable-async-job-executor-thread-1568#
[PollStartAppStatusExecution] 64c32b2a-c752-4ff8-ac70-bb2d63d7322a [2026-04-20T09:24:47.779633] Security group rules were updated (STDOUT, CELL)#
#2026 04 20 09:24:55.647#Z#DEBUG#aaaab3b3-3c9a-11f1-807a-eeee0a8324b8.Material_Management#flowable-async-job-executor-thread-1568#
[PollStartAppStatusExecution] 64c32b2a-c752-4ff8-ac70-bb2d63d7322a [2026-04-20T09:24:47.888063] Cell c839c7b1-088e-41af-b9b7-66256aacd457 successfully created container for instance 0d730b77-e3a4-4a5c-7677-0f2a (STDOUT, CELL)#
#2026 04 20 09:24:55.647#Z#DEBUG#aaaab3b3-3c9a-11f1-807a-eeee0a8324b8.Material_Management#flowable-async-job-executor-thread-1568#
[PollStartAppStatusExecution] 64c32b2a-c752-4ff8-ac70-bb2d63d7322a [2026-04-20T09:24:48.409232] Downloading droplet... (STDOUT, CELL)#
#2026 04 20 09:24:55.647#Z#DEBUG#aaaab3b3-3c9a-11f1-807a-eeee0a8324b8.Material_Management#flowable-async-job-executor-thread-1568#
[PollStartAppStatusExecution] 64c32b2a-c752-4ff8-ac70-bb2d63d7322a [2026-04-20T09:24:53.095423] Downloaded droplet (62.1M) (STDOUT, CELL)#
#2026 04 20 09:24:55.647#Z#DEBUG#aaaab3b3-3c9a-11f1-807a-eeee0a8324b8.Material_Management#flowable-async-job-executor-thread-1568#
[PollStartAppStatusExecution] 64c32b2a-c752-4ff8-ac70-bb2d63d7322a [2026-04-20T09:24:53.095549] Starting health monitoring of container (STDOUT, CELL)#
#2026 04 20 09:24:55.647#Z#DEBUG#aaaab3b3-3c9a-11f1-807a-eeee0a8324b8.Material_Management#flowable-async-job-executor-thread-1568#
[PollStartAppStatusExecution] 64c32b2a-c752-4ff8-ac70-bb2d63d7322a [2026-04-20T09:24:53.238862] Invoking pre-start scripts. (STDOUT, APP/PROC/WEB)#
#2026 04 20 09:24:55.647#Z#DEBUG#aaaab3b3-3c9a-11f1-807a-eeee0a8324b8.Material_Management#flowable-async-job-executor-thread-1568#
[PollStartAppStatusExecution] 64c32b2a-c752-4ff8-ac70-bb2d63d7322a [2026-04-20T09:24:53.485976] Invoking start command. (STDOUT, APP/PROC/WEB)#
#2026 04 20 09:24:55.647#Z#DEBUG#aaaab3b3-3c9a-11f1-807a-eeee0a8324b8.Material_Management#flowable-async-job-executor-thread-1568#
[PollStartAppStatusExecution] 64c32b2a-c752-4ff8-ac70-bb2d63d7322a [2026-04-20T09:24:54.046069] > start (STDOUT, APP/PROC/WEB)#
#2026 04 20 09:24:55.647#Z#DEBUG#aaaab3b3-3c9a-11f1-807a-eeee0a8324b8.Material_Management#flowable-async-job-executor-thread-1568#
[PollStartAppStatusExecution] 64c32b2a-c752-4ff8-ac70-bb2d63d7322a [2026-04-20T09:24:54.046098] > node node_modules/@sap/approuter/approuter.js (STDOUT, APP/PROC/WEB)#
#2026 04 20 09:24:55.647#Z#DEBUG#aaaab3b3-3c9a-11f1-807a-eeee0a8324b8.Material_Management#flowable-async-job-executor-thread-1568#
[PollStartAppStatusExecution] 64c32b2a-c752-4ff8-ac70-bb2d63d7322a [2026-04-20T09:24:54.272122] {"written_at":"2026-04-20T09:24:54.270Z","written_ts":1776677094270000000,"csn_component":"-","correlation_id":"-","type":"log","logger":"nodejs-logger","layer":"/LoggingLibrary","level":"warning","container_id":"10.32.2.6","component_type":"application","component_id":"64c32b2a-c752-4ff8-ac70-bb2d63d7322a","component_name":"Material_Management","component_instance":-1,"source_instance":-1,"organization_id":"9be84bd9-600d-4285-a765-d0d37b7bc13f","organization_name":"65d203eetrial","space_id":"6bf19e00-5dfe-4fa2-9b31-12cc63fc58ec","space_name":"dev","context_id":"","msg":"Dynamic log level switching not available"} (STDOUT, APP/PROC/WEB)#
#2026 04 20 09:24:55.647#Z#DEBUG#aaaab3b3-3c9a-11f1-807a-eeee0a8324b8.Material_Management#flowable-async-job-executor-thread-1568#
[PollStartAppStatusExecution] 64c32b2a-c752-4ff8-ac70-bb2d63d7322a [2026-04-20T09:24:54.913635] {"written_at":"2026-04-20T09:24:54.912Z","written_ts":1776677094912000000,"csn_component":"-","correlation_id":"mo6zo45d","type":"log","logger":"nodejs-logger","layer":"/approuter","level":"info","container_id":"10.32.2.6","component_type":"application","component_id":"64c32b2a-c752-4ff8-ac70-bb2d63d7322a","component_name":"Material_Management","component_instance":-1,"source_instance":-1,"organization_id":"9be84bd9-600d-4285-a765-d0d37b7bc13f","organization_name":"65d203eetrial","space_id":"6bf19e00-5dfe-4fa2-9b31-12cc63fc58ec","space_name":"dev","context_id":"mo6zo45d","msg":"Application router version 21.3.0"} (STDOUT, APP/PROC/WEB)#
#2026 04 20 09:24:55.647#Z#DEBUG#aaaab3b3-3c9a-11f1-807a-eeee0a8324b8.Material_Management#flowable-async-job-executor-thread-1568#
[PollStartAppStatusExecution] 64c32b2a-c752-4ff8-ac70-bb2d63d7322a [2026-04-20T09:24:54.918907] {"written_at":"2026-04-20T09:24:54.918Z","written_ts":1776677094918000000,"csn_component":"-","correlation_id":"mo6zo45i","type":"log","logger":"nodejs-logger","layer":"/Configuration","level":"info","container_id":"10.32.2.6","component_type":"application","component_id":"64c32b2a-c752-4ff8-ac70-bb2d63d7322a","component_name":"Material_Management","component_instance":-1,"source_instance":-1,"organization_id":"9be84bd9-600d-4285-a765-d0d37b7bc13f","organization_name":"65d203eetrial","space_id":"6bf19e00-5dfe-4fa2-9b31-12cc63fc58ec","space_name":"dev","context_id":"mo6zo45i","msg":"No COOKIES environment variable"} (STDOUT, APP/PROC/WEB)#
#2026 04 20 09:24:55.647#Z#DEBUG#aaaab3b3-3c9a-11f1-807a-eeee0a8324b8.Material_Management#flowable-async-job-executor-thread-1568#
[PollStartAppStatusExecution] 64c32b2a-c752-4ff8-ac70-bb2d63d7322a [2026-04-20T09:24:54.924702] {"written_at":"2026-04-20T09:24:54.924Z","written_ts":1776677094924000000,"csn_component":"-","correlation_id":"mo6zo45o","type":"log","logger":"nodejs-logger","layer":"/Configuration","level":"info","container_id":"10.32.2.6","component_type":"application","component_id":"64c32b2a-c752-4ff8-ac70-bb2d63d7322a","component_name":"Material_Management","component_instance":-1,"source_instance":-1,"organization_id":"9be84bd9-600d-4285-a765-d0d37b7bc13f","organization_name":"65d203eetrial","space_id":"6bf19e00-5dfe-4fa2-9b31-12cc63fc58ec","space_name":"dev","context_id":"mo6zo45o","msg":"xs-app.json: Application does not have directory for static resources!"} (STDOUT, APP/PROC/WEB)#
#2026 04 20 09:24:55.647#Z#DEBUG#aaaab3b3-3c9a-11f1-807a-eeee0a8324b8.Material_Management#flowable-async-job-executor-thread-1568#
[PollStartAppStatusExecution] 64c32b2a-c752-4ff8-ac70-bb2d63d7322a [2026-04-20T09:24:54.972437] {"written_at":"2026-04-20T09:24:54.972Z","written_ts":1776677094972000000,"csn_component":"-","correlation_id":"mo6zo45d","type":"log","logger":"nodejs-logger","layer":"/approuter","level":"info","container_id":"10.32.2.6","component_type":"application","component_id":"64c32b2a-c752-4ff8-ac70-bb2d63d7322a","component_name":"Material_Management","component_instance":-1,"source_instance":-1,"organization_id":"9be84bd9-600d-4285-a765-d0d37b7bc13f","organization_name":"65d203eetrial","space_id":"6bf19e00-5dfe-4fa2-9b31-12cc63fc58ec","space_name":"dev","context_id":"mo6zo45d","msg":"Application router is listening on port: 8080"} (STDOUT, APP/PROC/WEB)#
#2026 04 20 09:25:05.510#Z#DEBUG#aaaab3b3-3c9a-11f1-807a-eeee0a8324b8.Material_Management#flowable-async-job-executor-thread-1574#
[PollStartAppStatusExecution] 64c32b2a-c752-4ff8-ac70-bb2d63d7322a [2026-04-20T09:24:55.565849] Container became healthy (STDOUT, CELL)#
#2026 04 20 09:25:05.510#Z#DEBUG#aaaab3b3-3c9a-11f1-807a-eeee0a8324b8.Material_Management#flowable-async-job-executor-thread-1574#
[PollStartAppStatusExecution] 64c32b2a-c752-4ff8-ac70-bb2d63d7322a [2026-04-20T09:24:55.594758] Process became ready with guid 64c32b2a-c752-4ff8-ac70-bb2d63d7322a payload: {"instance"=>"0d730b77-e3a4-4a5c-7677-0f2a", "index"=>0, "cell_id"=>"c839c7b1-088e-41af-b9b7-66256aacd457", "ready"=>true, "version"=>"70af168d-93dc-44e2-a276-2ba4254d465c"} (STDOUT, API)#
