#2026 04 18 08:59:27.596#Z#DEBUG#c87b7c84-3b04-11f1-9a48-eeee0a8efa41.Material_Management#flowable-async-job-executor-thread-28448#
[PollStartAppStatusExecution] 64c32b2a-c752-4ff8-ac70-bb2d63d7322a [2026-04-18T08:58:51.797940] Updated app with guid 64c32b2a-c752-4ff8-ac70-bb2d63d7322a ({"lifecycle"=>{"data"=>{"buildpacks"=>[]}, "type"=>"buildpack"}}) (STDOUT, API)#
#2026 04 18 08:59:27.596#Z#DEBUG#c87b7c84-3b04-11f1-9a48-eeee0a8efa41.Material_Management#flowable-async-job-executor-thread-28448#
[PollStartAppStatusExecution] 64c32b2a-c752-4ff8-ac70-bb2d63d7322a [2026-04-18T08:58:51.899847] Updating process: "web" (STDOUT, API)#
#2026 04 18 08:59:27.596#Z#DEBUG#c87b7c84-3b04-11f1-9a48-eeee0a8efa41.Material_Management#flowable-async-job-executor-thread-28448#
[PollStartAppStatusExecution] 64c32b2a-c752-4ff8-ac70-bb2d63d7322a [2026-04-18T08:59:19.292706] Stopping app with guid 64c32b2a-c752-4ff8-ac70-bb2d63d7322a (STDOUT, API)#
#2026 04 18 08:59:27.596#Z#DEBUG#c87b7c84-3b04-11f1-9a48-eeee0a8efa41.Material_Management#flowable-async-job-executor-thread-28448#
[PollStartAppStatusExecution] 64c32b2a-c752-4ff8-ac70-bb2d63d7322a [2026-04-18T08:59:19.336863] Cell d1cc041a-d5a1-41d6-b9f6-6cda736ce3f0 stopping instance 52089af6-2a9a-47b4-4dfc-48cb (STDOUT, CELL)#
#2026 04 18 08:59:27.596#Z#DEBUG#c87b7c84-3b04-11f1-9a48-eeee0a8efa41.Material_Management#flowable-async-job-executor-thread-28448#
[PollStartAppStatusExecution] 64c32b2a-c752-4ff8-ac70-bb2d63d7322a [2026-04-18T08:59:19.593465] Starting app with guid 64c32b2a-c752-4ff8-ac70-bb2d63d7322a (STDOUT, API)#
#2026 04 18 08:59:27.596#Z#DEBUG#c87b7c84-3b04-11f1-9a48-eeee0a8efa41.Material_Management#flowable-async-job-executor-thread-28448#
[PollStartAppStatusExecution] 64c32b2a-c752-4ff8-ac70-bb2d63d7322a [2026-04-18T08:59:19.879072] Cell 77283d80-dfa7-40ba-ba4e-265aef112085 creating container for instance c8d0409a-6616-4fbc-7782-d048 (STDOUT, CELL)#
#2026 04 18 08:59:27.596#Z#DEBUG#c87b7c84-3b04-11f1-9a48-eeee0a8efa41.Material_Management#flowable-async-job-executor-thread-28448#
[PollStartAppStatusExecution] 64c32b2a-c752-4ff8-ac70-bb2d63d7322a [2026-04-18T08:59:20.608606] Security group rules were updated (STDOUT, CELL)#
#2026 04 18 08:59:27.596#Z#DEBUG#c87b7c84-3b04-11f1-9a48-eeee0a8efa41.Material_Management#flowable-async-job-executor-thread-28448#
[PollStartAppStatusExecution] 64c32b2a-c752-4ff8-ac70-bb2d63d7322a [2026-04-18T08:59:20.706478] Cell 77283d80-dfa7-40ba-ba4e-265aef112085 successfully created container for instance c8d0409a-6616-4fbc-7782-d048 (STDOUT, CELL)#
#2026 04 18 08:59:27.596#Z#DEBUG#c87b7c84-3b04-11f1-9a48-eeee0a8efa41.Material_Management#flowable-async-job-executor-thread-28448#
[PollStartAppStatusExecution] 64c32b2a-c752-4ff8-ac70-bb2d63d7322a [2026-04-18T08:59:21.426120] Downloading droplet... (STDOUT, CELL)#
#2026 04 18 08:59:27.596#Z#DEBUG#c87b7c84-3b04-11f1-9a48-eeee0a8efa41.Material_Management#flowable-async-job-executor-thread-28448#
[PollStartAppStatusExecution] 64c32b2a-c752-4ff8-ac70-bb2d63d7322a [2026-04-18T08:59:26.022] Downloaded droplet (62.1M) (STDOUT, CELL)#
#2026 04 18 08:59:27.596#Z#DEBUG#c87b7c84-3b04-11f1-9a48-eeee0a8efa41.Material_Management#flowable-async-job-executor-thread-28448#
[PollStartAppStatusExecution] 64c32b2a-c752-4ff8-ac70-bb2d63d7322a [2026-04-18T08:59:26.022148] Starting health monitoring of container (STDOUT, CELL)#
#2026 04 18 08:59:27.596#Z#DEBUG#c87b7c84-3b04-11f1-9a48-eeee0a8efa41.Material_Management#flowable-async-job-executor-thread-28448#
[PollStartAppStatusExecution] 64c32b2a-c752-4ff8-ac70-bb2d63d7322a [2026-04-18T08:59:26.139252] Invoking pre-start scripts. (STDOUT, APP/PROC/WEB)#
#2026 04 18 08:59:27.596#Z#DEBUG#c87b7c84-3b04-11f1-9a48-eeee0a8efa41.Material_Management#flowable-async-job-executor-thread-28448#
[PollStartAppStatusExecution] 64c32b2a-c752-4ff8-ac70-bb2d63d7322a [2026-04-18T08:59:26.393317] Invoking start command. (STDOUT, APP/PROC/WEB)#
#2026 04 18 08:59:27.596#Z#DEBUG#c87b7c84-3b04-11f1-9a48-eeee0a8efa41.Material_Management#flowable-async-job-executor-thread-28448#
[PollStartAppStatusExecution] 64c32b2a-c752-4ff8-ac70-bb2d63d7322a [2026-04-18T08:59:26.806742] > start (STDOUT, APP/PROC/WEB)#
#2026 04 18 08:59:27.596#Z#DEBUG#c87b7c84-3b04-11f1-9a48-eeee0a8efa41.Material_Management#flowable-async-job-executor-thread-28448#
[PollStartAppStatusExecution] 64c32b2a-c752-4ff8-ac70-bb2d63d7322a [2026-04-18T08:59:26.806776] > node node_modules/@sap/approuter/approuter.js (STDOUT, APP/PROC/WEB)#
#2026 04 18 08:59:37.609#Z#DEBUG#c87b7c84-3b04-11f1-9a48-eeee0a8efa41.Material_Management#flowable-async-job-executor-thread-11893#
[PollStartAppStatusExecution] 64c32b2a-c752-4ff8-ac70-bb2d63d7322a [2026-04-18T08:59:26.998920] {"written_at":"2026-04-18T08:59:26.997Z","written_ts":1776502766997000000,"csn_component":"-","correlation_id":"-","type":"log","logger":"nodejs-logger","layer":"/LoggingLibrary","level":"warning","container_id":"10.32.3.6","component_type":"application","component_id":"64c32b2a-c752-4ff8-ac70-bb2d63d7322a","component_name":"Material_Management","component_instance":-1,"source_instance":-1,"organization_id":"9be84bd9-600d-4285-a765-d0d37b7bc13f","organization_name":"65d203eetrial","space_id":"6bf19e00-5dfe-4fa2-9b31-12cc63fc58ec","space_name":"dev","context_id":"","msg":"Dynamic log level switching not available"} (STDOUT, APP/PROC/WEB)#
#2026 04 18 08:59:37.609#Z#DEBUG#c87b7c84-3b04-11f1-9a48-eeee0a8efa41.Material_Management#flowable-async-job-executor-thread-11893#
[PollStartAppStatusExecution] 64c32b2a-c752-4ff8-ac70-bb2d63d7322a [2026-04-18T08:59:27.521597] {"written_at":"2026-04-18T08:59:27.520Z","written_ts":1776502767520000000,"csn_component":"-","correlation_id":"mo43vo9t","type":"log","logger":"nodejs-logger","layer":"/approuter","level":"info","container_id":"10.32.3.6","component_type":"application","component_id":"64c32b2a-c752-4ff8-ac70-bb2d63d7322a","component_name":"Material_Management","component_instance":-1,"source_instance":-1,"organization_id":"9be84bd9-600d-4285-a765-d0d37b7bc13f","organization_name":"65d203eetrial","space_id":"6bf19e00-5dfe-4fa2-9b31-12cc63fc58ec","space_name":"dev","context_id":"mo43vo9t","msg":"Application router version 21.3.0"} (STDOUT, APP/PROC/WEB)#
#2026 04 18 08:59:37.609#Z#DEBUG#c87b7c84-3b04-11f1-9a48-eeee0a8efa41.Material_Management#flowable-async-job-executor-thread-11893#
[PollStartAppStatusExecution] 64c32b2a-c752-4ff8-ac70-bb2d63d7322a [2026-04-18T08:59:27.527121] {"written_at":"2026-04-18T08:59:27.526Z","written_ts":1776502767526000000,"csn_component":"-","correlation_id":"mo43vo9y","type":"log","logger":"nodejs-logger","layer":"/Configuration","level":"info","container_id":"10.32.3.6","component_type":"application","component_id":"64c32b2a-c752-4ff8-ac70-bb2d63d7322a","component_name":"Material_Management","component_instance":-1,"source_instance":-1,"organization_id":"9be84bd9-600d-4285-a765-d0d37b7bc13f","organization_name":"65d203eetrial","space_id":"6bf19e00-5dfe-4fa2-9b31-12cc63fc58ec","space_name":"dev","context_id":"mo43vo9y","msg":"No COOKIES environment variable"} (STDOUT, APP/PROC/WEB)#
#2026 04 18 08:59:37.609#Z#DEBUG#c87b7c84-3b04-11f1-9a48-eeee0a8efa41.Material_Management#flowable-async-job-executor-thread-11893#
[PollStartAppStatusExecution] 64c32b2a-c752-4ff8-ac70-bb2d63d7322a [2026-04-18T08:59:27.533117] {"written_at":"2026-04-18T08:59:27.532Z","written_ts":1776502767532000000,"csn_component":"-","correlation_id":"mo43voa4","type":"log","logger":"nodejs-logger","layer":"/Configuration","level":"info","container_id":"10.32.3.6","component_type":"application","component_id":"64c32b2a-c752-4ff8-ac70-bb2d63d7322a","component_name":"Material_Management","component_instance":-1,"source_instance":-1,"organization_id":"9be84bd9-600d-4285-a765-d0d37b7bc13f","organization_name":"65d203eetrial","space_id":"6bf19e00-5dfe-4fa2-9b31-12cc63fc58ec","space_name":"dev","context_id":"mo43voa4","msg":"xs-app.json: Application does not have directory for static resources!"} (STDOUT, APP/PROC/WEB)#
#2026 04 18 08:59:37.609#Z#DEBUG#c87b7c84-3b04-11f1-9a48-eeee0a8efa41.Material_Management#flowable-async-job-executor-thread-11893#
[PollStartAppStatusExecution] 64c32b2a-c752-4ff8-ac70-bb2d63d7322a [2026-04-18T08:59:27.581391] {"written_at":"2026-04-18T08:59:27.580Z","written_ts":1776502767580000000,"csn_component":"-","correlation_id":"mo43vo9t","type":"log","logger":"nodejs-logger","layer":"/approuter","level":"info","container_id":"10.32.3.6","component_type":"application","component_id":"64c32b2a-c752-4ff8-ac70-bb2d63d7322a","component_name":"Material_Management","component_instance":-1,"source_instance":-1,"organization_id":"9be84bd9-600d-4285-a765-d0d37b7bc13f","organization_name":"65d203eetrial","space_id":"6bf19e00-5dfe-4fa2-9b31-12cc63fc58ec","space_name":"dev","context_id":"mo43vo9t","msg":"Application router is listening on port: 8080"} (STDOUT, APP/PROC/WEB)#
#2026 04 18 08:59:37.609#Z#DEBUG#c87b7c84-3b04-11f1-9a48-eeee0a8efa41.Material_Management#flowable-async-job-executor-thread-11893#
[PollStartAppStatusExecution] 64c32b2a-c752-4ff8-ac70-bb2d63d7322a [2026-04-18T08:59:28.867075] Container became healthy (STDOUT, CELL)#
#2026 04 18 08:59:37.609#Z#DEBUG#c87b7c84-3b04-11f1-9a48-eeee0a8efa41.Material_Management#flowable-async-job-executor-thread-11893#
[PollStartAppStatusExecution] 64c32b2a-c752-4ff8-ac70-bb2d63d7322a [2026-04-18T08:59:28.897701] Process became ready with guid 64c32b2a-c752-4ff8-ac70-bb2d63d7322a payload: {"instance"=>"c8d0409a-6616-4fbc-7782-d048", "index"=>0, "cell_id"=>"77283d80-dfa7-40ba-ba4e-265aef112085", "ready"=>true, "version"=>"d314c734-cd89-410d-89a3-2c81df591da9"} (STDOUT, API)#
